<?xml version="1.0" encoding="UTF-8"?>
<!-- Generated by org.testng.reporters.JUnitReportReporter -->
<testsuite hostname="POOLW42SLPC6865" failures="0" tests="7" name="TestCase.pisystindiaTestCases" time="182.935" errors="0" timestamp="20 Dec 2022 05:19:18 GMT">
  <testcase classname="TestCase.pisystindiaTestCases" name="SpecialCharacterdata" time="23.331"/>
  <testcase classname="TestCase.pisystindiaTestCases" name="DoubleSpacedata" time="26.026"/>
  <testcase classname="TestCase.pisystindiaTestCases" name="ValidData" time="27.485"/>
  <testcase classname="TestCase.pisystindiaTestCases" name="Blankdata" time="26.545"/>
  <testcase classname="TestCase.pisystindiaTestCases" name="MoreThanThreeChardata" time="24.599"/>
  <testcase classname="TestCase.pisystindiaTestCases" name="NumericalandSpecialChardata" time="22.732"/>
  <testcase classname="TestCase.pisystindiaTestCases" name="LessThanThreeChardata" time="32.217"/>
</testsuite> <!-- TestCase.pisystindiaTestCases -->
