<?xml version="1.0" encoding="UTF-8"?>
<!-- Generated by org.testng.reporters.JUnitReportReporter -->
<testsuite hostname="POOLW42SLPC6865" failures="0" tests="1" name="TestCase.EcommerceTestCases" time="19.846" errors="0" timestamp="20 Dec 2022 05:20:29 GMT">
  <testcase classname="TestCase.EcommerceTestCases" name="ValidData" time="19.846"/>
</testsuite> <!-- TestCase.EcommerceTestCases -->
